INFO: [VRFC 10-2263] Analyzing Verilog file "E:/Codes/Vivado/Counting_unit/counting_unit.srcs/sources_1/new/batch_monitor.v" into library xil_defaultlib
INFO: [VRFC 10-311] analyzing module batch_monitor
INFO: [VRFC 10-2263] Analyzing Verilog file "E:/Codes/Vivado/Counting_unit/counting_unit.srcs/sources_1/new/baud_gen.v" into library xil_defaultlib
INFO: [VRFC 10-311] analyzing module baud_gen
INFO: [VRFC 10-2263] Analyzing Verilog file "E:/Codes/Vivado/Counting_unit/counting_unit.srcs/sources_1/new/count_pulses.v" into library xil_defaultlib
INFO: [VRFC 10-311] analyzing module count_pulses
INFO: [VRFC 10-2263] Analyzing Verilog file "E:/Codes/Vivado/Counting_unit/counting_unit.srcs/sources_1/new/listen.v" into library xil_defaultlib
INFO: [VRFC 10-311] analyzing module listen
INFO: [VRFC 10-2263] Analyzing Verilog file "E:/Codes/Vivado/Counting_unit/counting_unit.srcs/sources_1/new/out_select_mux.v" into library xil_defaultlib
INFO: [VRFC 10-311] analyzing module out_select_mux
INFO: [VRFC 10-2263] Analyzing Verilog file "E:/Codes/Vivado/Counting_unit/counting_unit.srcs/sources_1/new/output_shuffle.v" into library xil_defaultlib
INFO: [VRFC 10-311] analyzing module output_shuffle
INFO: [VRFC 10-2263] Analyzing Verilog file "E:/Codes/Vivado/Counting_unit/counting_unit.srcs/sources_1/new/send_byte.v" into library xil_defaultlib
INFO: [VRFC 10-311] analyzing module send_byte
INFO: [VRFC 10-2263] Analyzing Verilog file "E:/Codes/Vivado/Counting_unit/counting_unit.srcs/sources_1/new/three_fold_coincidence.v" into library xil_defaultlib
INFO: [VRFC 10-311] analyzing module three_fold_coincidence
INFO: [VRFC 10-2263] Analyzing Verilog file "E:/Codes/Vivado/Counting_unit/counting_unit.srcs/sources_1/new/two_fold_coincidence.v" into library xil_defaultlib
INFO: [VRFC 10-311] analyzing module two_fold_coincidence
INFO: [VRFC 10-2263] Analyzing Verilog file "E:/Codes/Vivado/Counting_unit/counting_unit.srcs/sim_1/new/total_tb.v" into library xil_defaultlib
INFO: [VRFC 10-311] analyzing module total_tb
WARNING: [VRFC 10-3248] data object 'send_this_data' is already declared [E:/Codes/Vivado/Counting_unit/counting_unit.srcs/sim_1/new/total_tb.v:31]
WARNING: [VRFC 10-9364] second declaration of 'send_this_data' is ignored [E:/Codes/Vivado/Counting_unit/counting_unit.srcs/sim_1/new/total_tb.v:31]
INFO: [VRFC 10-2263] Analyzing Verilog file "E:/Codes/Vivado/Counting_unit/counting_unit.sim/sim_1/behav/xsim/glbl.v" into library xil_defaultlib
INFO: [VRFC 10-311] analyzing module glbl
